#
# There is insufficient memory for the Java Runtime Environment to continue.
# Native memory allocation (mmap) failed to map 268435456 bytes for G1 virtual space
# Possible reasons:
#   The system is out of physical RAM or swap space
#   The process is running with CompressedOops enabled, and the Java Heap may be blocking the growth of the native heap
# Possible solutions:
#   Reduce memory load on the system
#   Increase physical memory or swap space
#   Check if swap backing store is full
#   Decrease Java heap size (-Xmx/-Xms)
#   Decrease number of Java threads
#   Decrease Java thread stack sizes (-Xss)
#   Set larger code cache with -XX:ReservedCodeCacheSize=
#   JVM is running with Zero Based Compressed Oops mode in which the Java heap is
#     placed in the first 32GB address space. The Java Heap base address is the
#     maximum limit for the native heap growth. Please use -XX:HeapBaseMinAddress
#     to set the Java Heap base and to place the Java Heap above 32GB virtual address.
# This output file may be truncated or incomplete.
#
#  Out of Memory Error (os_windows.cpp:3527), pid=768, tid=18508
#
# JRE version:  (19.0+36) (build )
# Java VM: Java HotSpot(TM) 64-Bit Server VM (19+36-2238, mixed mode, sharing, tiered, compressed oops, compressed class ptrs, g1 gc, windows-amd64)
# No core dump will be written. Minidumps are not enabled by default on client versions of Windows
#

---------------  S U M M A R Y ------------

Command Line: -Dfile.encoding=UTF-8 --module-path=C:\Users\alexg\iCloudDrive\MACOS\WorkSpace\Programacion\bin -XX:+ShowCodeDetailsInExceptionMessages -Djdk.module.main=Programacion Programacion/u4.BuscaminasMuyMejorado

Host: Intel(R) Core(TM) i7-8750H CPU @ 2.20GHz, 12 cores, 15G,  Windows 10 , 64 bit Build 19041 (10.0.19041.2364)
Time: Wed Dec 28 03:13:16 2022 Hora estándar romance elapsed time: 0.035302 seconds (0d 0h 0m 0s)

---------------  T H R E A D  ---------------

Current thread (0x000001e988bac7c0):  JavaThread "Unknown thread" [_thread_in_vm, id=18508, stack(0x000000a131600000,0x000000a131700000)]

Stack: [0x000000a131600000,0x000000a131700000]
Native frames: (J=compiled Java code, j=interpreted, Vv=VM code, C=native code)
V  [jvm.dll+0x6ee8fa]
V  [jvm.dll+0x857a1e]
V  [jvm.dll+0x85940e]
V  [jvm.dll+0x859ac3]
V  [jvm.dll+0x28291f]
V  [jvm.dll+0x6eb6e9]
V  [jvm.dll+0x6e028a]
V  [jvm.dll+0x357136]
V  [jvm.dll+0x35eb96]
V  [jvm.dll+0x3b555e]
V  [jvm.dll+0x3b578f]
V  [jvm.dll+0x32c6ea]
V  [jvm.dll+0x32d59e]
V  [jvm.dll+0x821b20]
V  [jvm.dll+0x3c27c1]
V  [jvm.dll+0x8022f1]
V  [jvm.dll+0x44b30f]
V  [jvm.dll+0x44cc91]
C  [jli.dll+0x5287]
C  [ucrtbase.dll+0x21bb2]
C  [KERNEL32.DLL+0x17614]
C  [ntdll.dll+0x526a1]


---------------  P R O C E S S  ---------------

Threads class SMR info:
_java_thread_list=0x00007ffc7fb3d048, length=0, elements={
}

Java Threads: ( => current thread )

Other Threads:
  0x000001e98ac68a20 WorkerThread "GC Thread#0" [stack: 0x000000a131700000,0x000000a131800000] [id=8236]
  0x000001e98ac7c130 ConcurrentGCThread "G1 Main Marker" [stack: 0x000000a131800000,0x000000a131900000] [id=15340]
  0x000001e98ac7db70 WorkerThread "G1 Conc#0" [stack: 0x000000a131900000,0x000000a131a00000] [id=19220]

[error occurred during error reporting (printing all threads), id 0xc0000005, EXCEPTION_ACCESS_VIOLATION (0xc0000005) at pc=0x00007ffc7f2fd127]

VM state: not at safepoint (not fully initialized)

VM Mutex/Monitor currently owned by a thread:  ([mutex/lock_event])
[0x000001e98abf9a30] Heap_lock - owner thread: 0x000001e988bac7c0

Heap address: 0x0000000701a00000, size: 4070 MB, Compressed Oops mode: Zero based, Oop shift amount: 3

CDS archive(s) mapped at: [0x0000000000000000-0x0000000000000000-0x0000000000000000), size 0, SharedBaseAddress: 0x0000000800000000, ArchiveRelocationMode: 0.
Narrow klass base: 0x0000000000000000, Narrow klass shift: 0, Narrow klass range: 0x0

GC Precious Log:
 CardTable entry size: 512
 Card Set container configuration: InlinePtr #cards 4 size 8 Array Of Cards #cards 8 size 32 Howl #buckets 8 coarsen threshold 3686 Howl Bitmap #cards 512 size 80 coarsen threshold 460 Card regions per heap region 1 cards per card region 4096

Heap:
 garbage-first heap   total 0K, used 0K [0x0000000701a00000, 0x0000000800000000)
  region size 2048K, 0 young (0K), 0 survivors (0K)

[error occurred during error reporting (printing heap information), id 0xc0000005, EXCEPTION_ACCESS_VIOLATION (0xc0000005) at pc=0x00007ffc7f706959]

GC Heap History (0 events):
No events

Dll operation events (1 events):
Event: 0.022 Loaded shared library C:\Program Files\Java\jdk-19\bin\java.dll

Deoptimization events (0 events):
No events

Classes loaded (0 events):
No events

Classes unloaded (0 events):
No events

Classes redefined (0 events):
No events

Internal exceptions (0 events):
No events

VM Operations (0 events):
No events

Events (0 events):
No events


Dynamic libraries:
0x00007ff7a1f90000 - 0x00007ff7a1fa0000 	C:\Program Files\Java\jdk-19\bin\javaw.exe
0x00007ffcc7cd0000 - 0x00007ffcc7ec8000 	C:\Windows\SYSTEM32\ntdll.dll
0x00007ffcc6b20000 - 0x00007ffcc6bdf000 	C:\Windows\System32\KERNEL32.DLL
0x00007ffcc5840000 - 0x00007ffcc5b12000 	C:\Windows\System32\KERNELBASE.dll
0x00007ffcc5410000 - 0x00007ffcc5510000 	C:\Windows\System32\ucrtbase.dll
0x00007ffcbc1a0000 - 0x00007ffcbc1bb000 	C:\Program Files\Java\jdk-19\bin\VCRUNTIME140.dll
0x00007ffcbc700000 - 0x00007ffcbc718000 	C:\Program Files\Java\jdk-19\bin\jli.dll
0x00007ffcc6510000 - 0x00007ffcc65be000 	C:\Windows\System32\ADVAPI32.dll
0x00007ffcc6e60000 - 0x00007ffcc6efe000 	C:\Windows\System32\msvcrt.dll
0x00007ffcc6110000 - 0x00007ffcc61ac000 	C:\Windows\System32\sechost.dll
0x00007ffcc7b60000 - 0x00007ffcc7c85000 	C:\Windows\System32\RPCRT4.dll
0x00007ffcc5e40000 - 0x00007ffcc5fe1000 	C:\Windows\System32\USER32.dll
0x00007ffcc5620000 - 0x00007ffcc5642000 	C:\Windows\System32\win32u.dll
0x00007ffcb1f80000 - 0x00007ffcb221a000 	C:\Windows\WinSxS\amd64_microsoft.windows.common-controls_6595b64144ccf1df_6.0.19041.1110_none_60b5254171f9507e\COMCTL32.dll
0x00007ffcc6af0000 - 0x00007ffcc6b1b000 	C:\Windows\System32\GDI32.dll
0x00007ffcc5510000 - 0x00007ffcc561f000 	C:\Windows\System32\gdi32full.dll
0x00007ffcc5c70000 - 0x00007ffcc5d0d000 	C:\Windows\System32\msvcp_win.dll
0x00007ffcb6a40000 - 0x00007ffcb6a4a000 	C:\Windows\SYSTEM32\VERSION.dll
0x00007ffcc6f00000 - 0x00007ffcc6f32000 	C:\Windows\System32\IMM32.DLL
0x00007ffcbc0e0000 - 0x00007ffcbc0ec000 	C:\Program Files\Java\jdk-19\bin\vcruntime140_1.dll
0x00007ffcb6950000 - 0x00007ffcb69de000 	C:\Program Files\Java\jdk-19\bin\msvcp140.dll
0x00007ffc7efc0000 - 0x00007ffc7fc80000 	C:\Program Files\Java\jdk-19\bin\server\jvm.dll
0x00007ffcb60b0000 - 0x00007ffcb60d7000 	C:\Windows\SYSTEM32\WINMM.dll
0x00007ffcb3d20000 - 0x00007ffcb3d29000 	C:\Windows\SYSTEM32\WSOCK32.dll
0x00007ffcc7080000 - 0x00007ffcc70eb000 	C:\Windows\System32\WS2_32.dll
0x00007ffcc3280000 - 0x00007ffcc3292000 	C:\Windows\SYSTEM32\kernel.appcore.dll
0x00007ffcb9200000 - 0x00007ffcb920a000 	C:\Program Files\Java\jdk-19\bin\jimage.dll
0x00007ffcb8830000 - 0x00007ffcb8a14000 	C:\Windows\SYSTEM32\DBGHELP.DLL
0x00007ffcb87f0000 - 0x00007ffcb8825000 	C:\Windows\SYSTEM32\dbgcore.DLL
0x00007ffcc57b0000 - 0x00007ffcc5832000 	C:\Windows\System32\bcryptPrimitives.dll
0x00007ffcb91d0000 - 0x00007ffcb91f6000 	C:\Program Files\Java\jdk-19\bin\java.dll

dbghelp: loaded successfully - version: 4.0.5 - missing functions: none
symbol engine: initialized successfully - sym options: 0x614 - pdb path: .;C:\Program Files\Java\jdk-19\bin;C:\Windows\SYSTEM32;C:\Windows\WinSxS\amd64_microsoft.windows.common-controls_6595b64144ccf1df_6.0.19041.1110_none_60b5254171f9507e;C:\Program Files\Java\jdk-19\bin\server

VM Arguments:
jvm_args: -Dfile.encoding=UTF-8 --module-path=C:\Users\alexg\iCloudDrive\MACOS\WorkSpace\Programacion\bin -XX:+ShowCodeDetailsInExceptionMessages -Djdk.module.main=Programacion 
java_command: Programacion/u4.BuscaminasMuyMejorado
java_class_path (initial): <not set>
Launcher Type: SUN_STANDARD

[Global flags]
     intx CICompilerCount                          = 4                                         {product} {ergonomic}
     uint ConcGCThreads                            = 3                                         {product} {ergonomic}
     uint G1ConcRefinementThreads                  = 10                                        {product} {ergonomic}
   size_t G1HeapRegionSize                         = 2097152                                   {product} {ergonomic}
    uintx GCDrainStackTargetSize                   = 64                                        {product} {ergonomic}
   size_t InitialHeapSize                          = 268435456                                 {product} {ergonomic}
   size_t MarkStackSize                            = 4194304                                   {product} {ergonomic}
   size_t MaxHeapSize                              = 4267704320                                {product} {ergonomic}
   size_t MinHeapDeltaBytes                        = 2097152                                   {product} {ergonomic}
   size_t MinHeapSize                              = 8388608                                   {product} {ergonomic}
    uintx NonNMethodCodeHeapSize                   = 5839372                                {pd product} {ergonomic}
    uintx NonProfiledCodeHeapSize                  = 122909434                              {pd product} {ergonomic}
    uintx ProfiledCodeHeapSize                     = 122909434                              {pd product} {ergonomic}
    uintx ReservedCodeCacheSize                    = 251658240                              {pd product} {ergonomic}
     bool SegmentedCodeCache                       = true                                      {product} {ergonomic}
     bool ShowCodeDetailsInExceptionMessages       = true                                   {manageable} {command line}
   size_t SoftMaxHeapSize                          = 4267704320                             {manageable} {ergonomic}
     bool UseCompressedClassPointers               = true                           {product lp64_product} {ergonomic}
     bool UseCompressedOops                        = true                           {product lp64_product} {ergonomic}
     bool UseG1GC                                  = true                                      {product} {ergonomic}
     bool UseLargePagesIndividualAllocation        = false                                  {pd product} {ergonomic}

Logging:
Log output configuration:
 #0: stdout all=warning uptime,level,tags foldmultilines=false
 #1: stderr all=off uptime,level,tags foldmultilines=false

Environment Variables:
PATH=C:\Program Files\Common Files\Oracle\Java\javapath;C:\Windows\system32;C:\Windows;C:\Windows\System32\Wbem;C:\Windows\System32\WindowsPowerShell\v1.0\;C:\Windows\System32\OpenSSH\;C:\Users\alexg\AppData\Local\Microsoft\WindowsApps;
USERNAME=alexg
OS=Windows_NT
PROCESSOR_IDENTIFIER=Intel64 Family 6 Model 158 Stepping 10, GenuineIntel
TMP=C:\Users\alexg\AppData\Local\Temp
TEMP=C:\Users\alexg\AppData\Local\Temp



---------------  S Y S T E M  ---------------

OS:
 Windows 10 , 64 bit Build 19041 (10.0.19041.2364)
OS uptime: 1 days 11:57 hours

CPU: total 12 (initial active 12) (6 cores per cpu, 2 threads per core) family 6 model 158 stepping 10 microcode 0xf0, cx8, cmov, fxsr, ht, mmx, 3dnowpref, sse, sse2, sse3, ssse3, sse4.1, sse4.2, popcnt, lzcnt, tsc, tscinvbit, avx, avx2, aes, erms, clmul, bmi1, bmi2, adx, fma, vzeroupper, clflush, clflushopt, rdtscp

Memory: 4k page, system-wide physical 16278M (10267M free)
TotalPageFile size 28273M (AvailPageFile size 121M)
current process WorkingSet (physical memory assigned to process): 10M, peak: 10M
current process commit charge ("private bytes"): 64M, peak: 320M

vm_info: Java HotSpot(TM) 64-Bit Server VM (19+36-2238) for windows-amd64 JRE (19+36-2238), built on 2022-08-12T20:29:01Z by "mach5one" with MS VC++ 17.1 (VS2022)

END.
